<?xml version="1.0" encoding="UTF-8"?>
<!-- Generated by org.testng.reporters.JUnitReportReporter -->
<testsuite hostname="LAPTOP-T5O0A45Q" failures="0" tests="1" name="Steps.TestRunnerbehave" time="8.559" errors="0" timestamp="2024-11-19T19:21:07 IST" skipped="0">
  <testcase classname="Steps.TestRunnerbehave" name="runScenario" time="8.559"/>
</testsuite> <!-- Steps.TestRunnerbehave -->
