<?xml version="1.0" encoding="UTF-8"?>
<!-- Generated by org.testng.reporters.JUnitReportReporter -->
<testsuite hostname="LAPTOP-T5O0A45Q" failures="0" tests="1" name="Steps.TestRunnerbehave" time="10.404" errors="0" timestamp="2024-11-19T19:16:28 IST" skipped="0">
  <testcase classname="Steps.TestRunnerbehave" name="runScenario" time="10.404"/>
</testsuite> <!-- Steps.TestRunnerbehave -->
